  main.cpp
  Youth.cpp
  Reserve.cpp
  Player.cpp
  FootballAssociation.cpp
d:\code project\cleancodeproject\footballassociation.cpp(14): warning C4018: '<': signed/unsigned mismatch
d:\code project\cleancodeproject\footballassociation.cpp(17): warning C4018: '<': signed/unsigned mismatch
d:\code project\cleancodeproject\footballassociation.cpp(24): warning C4018: '<': signed/unsigned mismatch
d:\code project\cleancodeproject\footballassociation.cpp(40): warning C4018: '<': signed/unsigned mismatch
d:\code project\cleancodeproject\footballassociation.cpp(44): warning C4018: '<': signed/unsigned mismatch
d:\code project\cleancodeproject\footballassociation.cpp(62): warning C4018: '<': signed/unsigned mismatch
d:\code project\cleancodeproject\footballassociation.cpp(81): warning C4018: '<': signed/unsigned mismatch
d:\code project\cleancodeproject\footballassociation.cpp(91): warning C4018: '<': signed/unsigned mismatch
d:\code project\cleancodeproject\footballassociation.cpp(96): warning C4018: '<': signed/unsigned mismatch
d:\code project\cleancodeproject\footballassociation.cpp(114): warning C4018: '<': signed/unsigned mismatch
d:\code project\cleancodeproject\footballassociation.cpp(120): warning C4018: '<': signed/unsigned mismatch
d:\code project\cleancodeproject\footballassociation.cpp(152): warning C4018: '<': signed/unsigned mismatch
d:\code project\cleancodeproject\footballassociation.cpp(168): warning C4018: '<': signed/unsigned mismatch
d:\code project\cleancodeproject\footballassociation.cpp(177): warning C4018: '<': signed/unsigned mismatch
  FirstTeam.cpp
  Club.cpp
  Generating Code...
  CleanCodeProject.vcxproj -> D:\Code Project\CleanCodeProject\Debug\CleanCodeProject.exe
  CleanCodeProject.vcxproj -> D:\Code Project\CleanCodeProject\Debug\CleanCodeProject.pdb (Partial PDB)
